polybar|notice:  Parsing config file: /home/zarkli/.config/polybar/config.ini
polybar|notice:  Listening for IPC messages (PID: 116584)
polybar|notice:  Loading module 'launcher' of type 'custom/text'
polybar|notice:  Loading module 'dots' of type 'custom/text'
polybar|notice:  Loading module 'bi' of type 'custom/text'
polybar|notice:  Loading module 'cpu_bar' of type 'internal/cpu'
polybar|notice:  Loading module 'bd' of type 'custom/text'
polybar|notice:  Loading module 'sep' of type 'custom/text'
polybar|notice:  Loading module 'bi' of type 'custom/text'
polybar|notice:  Loading module 'memory_bar' of type 'internal/memory'
polybar|notice:  Loading module 'bd' of type 'custom/text'
polybar|notice:  Loading module 'sep' of type 'custom/text'
polybar|notice:  Loading module 'bi' of type 'custom/text'
polybar|notice:  Loading module 'filesystem' of type 'internal/fs'
polybar|notice:  Loading module 'bd' of type 'custom/text'
polybar|notice:  Loading module 'sep' of type 'custom/text'
polybar|notice:  Loading module 'bi' of type 'custom/text'
polybar|notice:  Loading module 'trash' of type 'custom/script'
polybar|notice:  Loading module 'bd' of type 'custom/text'
polybar|notice:  Loading module 'sep' of type 'custom/text'
polybar|notice:  Loading module 'bi' of type 'custom/text'
polybar|notice:  Loading module 'music' of type 'custom/script'
polybar|notice:  Loading module 'bd' of type 'custom/text'
polybar|notice:  Loading module 'bi' of type 'custom/text'
polybar|notice:  Loading module 'bspwm' of type 'internal/bspwm'
polybar|notice:  Loading module 'bd' of type 'custom/text'
polybar|notice:  Loading module 'bi' of type 'custom/text'
polybar|notice:  Loading module 'network' of type 'internal/network'
polybar|notice:  module/network: Discovered wireless interface wlan0
polybar|notice:  Loading module 'bd' of type 'custom/text'
polybar|notice:  Loading module 'sep' of type 'custom/text'
polybar|notice:  Loading module 'bi' of type 'custom/text'
polybar|notice:  Loading module 'pulseaudio' of type 'internal/pulseaudio'
polybar|notice:  pulseaudio: using default sink alsa_output.pci-0000_00_1f.3-platform-skl_hda_dsp_generic.HiFi__hw_sofhdadsp__sink
polybar|notice:  Loading module 'bd' of type 'custom/text'
polybar|notice:  Loading module 'sep' of type 'custom/text'
polybar|notice:  Loading module 'bi' of type 'custom/text'
polybar|notice:  Loading module 'battery' of type 'internal/battery'
polybar|notice:  Loading module 'bd' of type 'custom/text'
polybar|notice:  Loading module 'sep' of type 'custom/text'
polybar|notice:  Loading module 'bi' of type 'custom/text'
polybar|notice:  Loading module 'date' of type 'internal/date'
polybar|notice:  Loading module 'bd' of type 'custom/text'
polybar|notice:  Loading module 'sep' of type 'custom/text'
polybar|notice:  Loading module 'bi' of type 'custom/text'
polybar|notice:  Loading module 'polypomo' of type 'custom/script'
polybar|notice:  Loading module 'bd' of type 'custom/text'
polybar|notice:  Loaded 43 modules
polybar|notice:  Loaded font "zpix:size=8" (name=Zpix, offset=2, file=/home/zarkli/.local/share/fonts/zpix.ttf)
polybar|notice:  Loaded font "Font Awesome 6 Free Solid:size=10" (name=Font Awesome 6 Free, offset=3, file=/home/zarkli/.local/share/fonts/Font Awesome 6/Font Awesome 6 Free-Solid-900.otf)
polybar|notice:  Loaded font "Material Design Icons Desktop:size=11" (name=Material Design Icons Desktop, offset=3, file=/home/zarkli/.local/share/fonts/MaterialDesignIconsDesktop.ttf)
polybar|notice:  Loaded font "IcoFont:size=11" (name=IcoFont, offset=3, file=/home/zarkli/.local/share/fonts/icofont.ttf)
polybar|notice:  Loaded font "MesloLGS NF:style=Regular:size=15" (name=MesloLGS NF, offset=4, file=/home/zarkli/.local/share/fonts/MesloLGS_NF_Regular.ttf)
